Flow report for FPGA_MIPS
Fri Apr 27 15:32:29 2012
Quartus II Version 9.1 Build 350 03/24/2010 Service Pack 2 SJ Web Edition


---------------------
; Table of Contents ;
---------------------
  1. Legal Notice
  2. Flow Summary
  3. Flow Settings
  4. Flow Non-Default Global Settings
  5. Flow Elapsed Time
  6. Flow OS Summary
  7. Flow Log



----------------
; Legal Notice ;
----------------
Copyright (C) 1991-2010 Altera Corporation
Your use of Altera Corporation's design tools, logic functions 
and other software and tools, and its AMPP partner logic 
functions, and any output files from any of the foregoing 
(including device programming or simulation files), and any 
associated documentation or information are expressly subject 
to the terms and conditions of the Altera Program License 
Subscription Agreement, Altera MegaCore Function License 
Agreement, or other applicable license agreement, including, 
without limitation, that your use is for the sole purpose of 
programming logic devices manufactured by Altera and sold by 
Altera or its authorized distributors.  Please refer to the 
applicable agreement for further details.



+-----------------------------------------------------------------------------------+
; Flow Summary                                                                      ;
+------------------------------------+----------------------------------------------+
; Flow Status                        ; Successful - Fri Apr 27 15:32:29 2012        ;
; Quartus II Version                 ; 9.1 Build 350 03/24/2010 SP 2 SJ Web Edition ;
; Revision Name                      ; FPGA_MIPS                                    ;
; Top-level Entity Name              ; MIPS_DE2                                     ;
; Family                             ; Cyclone II                                   ;
; Device                             ; EP2C35F672C6                                 ;
; Timing Models                      ; Final                                        ;
; Met timing requirements            ; No                                           ;
; Total logic elements               ; 457 / 33,216 ( 1 % )                         ;
;     Total combinational functions  ; 430 / 33,216 ( 1 % )                         ;
;     Dedicated logic registers      ; 150 / 33,216 ( < 1 % )                       ;
; Total registers                    ; 150                                          ;
; Total pins                         ; 36 / 475 ( 8 % )                             ;
; Total virtual pins                 ; 0                                            ;
; Total memory bits                  ; 4,456 / 483,840 ( < 1 % )                    ;
; Embedded Multiplier 9-bit elements ; 0 / 70 ( 0 % )                               ;
; Total PLLs                         ; 0 / 4 ( 0 % )                                ;
+------------------------------------+----------------------------------------------+


+-----------------------------------------+
; Flow Settings                           ;
+-------------------+---------------------+
; Option            ; Setting             ;
+-------------------+---------------------+
; Start date & time ; 04/27/2012 15:32:07 ;
; Main task         ; Compilation         ;
; Revision Name     ; FPGA_MIPS           ;
+-------------------+---------------------+


+----------------------------------------------------------------------------------------------------+
; Flow Non-Default Global Settings                                                                   ;
+------------------------+--------------------------------+---------------+-------------+------------+
; Assignment Name        ; Value                          ; Default Value ; Entity Name ; Section Id ;
+------------------------+--------------------------------+---------------+-------------+------------+
; COMPILER_SIGNATURE_ID  ; 79556651332245.133553712704072 ; --            ; --          ; --         ;
; MAX_CORE_JUNCTION_TEMP ; 85                             ; --            ; --          ; --         ;
; MIN_CORE_JUNCTION_TEMP ; 0                              ; --            ; --          ; --         ;
; PARTITION_COLOR        ; 16764057                       ; --            ; MIPS_DE2    ; Top        ;
; PARTITION_NETLIST_TYPE ; SOURCE                         ; --            ; MIPS_DE2    ; Top        ;
; TOP_LEVEL_ENTITY       ; MIPS_DE2                       ; FPGA_MIPS     ; --          ; --         ;
+------------------------+--------------------------------+---------------+-------------+------------+


+-----------------------------------------------------------------------------------------------------------------------------+
; Flow Elapsed Time                                                                                                           ;
+-------------------------+--------------+-------------------------+---------------------+------------------------------------+
; Module Name             ; Elapsed Time ; Average Processors Used ; Peak Virtual Memory ; Total CPU Time (on all processors) ;
+-------------------------+--------------+-------------------------+---------------------+------------------------------------+
; Analysis & Synthesis    ; 00:00:07     ; 1.0                     ; 199 MB              ; 00:00:06                           ;
; Fitter                  ; 00:00:09     ; 1.0                     ; 227 MB              ; 00:00:09                           ;
; Assembler               ; 00:00:03     ; 1.0                     ; 211 MB              ; 00:00:03                           ;
; Classic Timing Analyzer ; 00:00:01     ; 1.0                     ; 119 MB              ; 00:00:01                           ;
; Total                   ; 00:00:20     ; --                      ; --                  ; 00:00:19                           ;
+-------------------------+--------------+-------------------------+---------------------+------------------------------------+


+---------------------------------------------------------------------------------------+
; Flow OS Summary                                                                       ;
+-------------------------+------------------+------------+------------+----------------+
; Module Name             ; Machine Hostname ; OS Name    ; OS Version ; Processor type ;
+-------------------------+------------------+------------+------------+----------------+
; Analysis & Synthesis    ; LSD-09           ; Windows XP ; 5.1        ; i686           ;
; Fitter                  ; LSD-09           ; Windows XP ; 5.1        ; i686           ;
; Assembler               ; LSD-09           ; Windows XP ; 5.1        ; i686           ;
; Classic Timing Analyzer ; LSD-09           ; Windows XP ; 5.1        ; i686           ;
+-------------------------+------------------+------------+------------+----------------+


------------
; Flow Log ;
------------
quartus_map --lower_priority --read_settings_files=on --write_settings_files=off FPGA_MIPS -c FPGA_MIPS
quartus_fit --lower_priority --read_settings_files=off --write_settings_files=off FPGA_MIPS -c FPGA_MIPS
quartus_asm --lower_priority --read_settings_files=off --write_settings_files=off FPGA_MIPS -c FPGA_MIPS
quartus_tan --lower_priority --read_settings_files=off --write_settings_files=off FPGA_MIPS -c FPGA_MIPS --timing_analysis_only



